<?xml version="1.0" encoding="UTF-8"?>
<!-- Generated by org.testng.reporters.JUnitXMLReporter -->
<testsuite hostname="ICPL12616" ignored="6" name="Test Story - Test 1" tests="8" failures="2" timestamp="14 Dec 2018 11:16:22 GMT" time="2275.032" errors="0">
  <testcase name="Navigate to story page" time="8.219" classname="com.qmetry.qaf.automation.step.client.Scenario"/>
  <testcase name="Logout from Dashboard" time="38.962" classname="com.qmetry.qaf.automation.step.client.Scenario"/>
  <testcase name="Login to Dashboard with username and password" time="2169.158" classname="com.qmetry.qaf.automation.step.client.Scenario">
    <failure type="org.openqa.selenium.TimeoutException" message="Timed out after 10 seconds: Wait time out for Login button on LoginPage to be present
Build info: version: &amp;apos;2.53.0&amp;apos;, revision: &amp;apos;35ae25b1534ae328c771e0856c93e187490ca824&amp;apos;, time: &amp;apos;2016-03-15 10:43:46&amp;apos;
System info: host: &amp;apos;ICPL12616&amp;apos;, ip: &amp;apos;192.168.0.9&amp;apos;, os.name: &amp;apos;Windows 10&amp;apos;, os.arch: &amp;apos;amd64&amp;apos;, os.version: &amp;apos;10.0&amp;apos;, java.version: &amp;apos;1.8.0_192&amp;apos;
Driver info: driver.version: unknown">
      <![CDATA[org.openqa.selenium.TimeoutException: Timed out after 10 seconds: Wait time out for Login button on LoginPage to be present
Build info: version: '2.53.0', revision: '35ae25b1534ae328c771e0856c93e187490ca824', time: '2016-03-15 10:43:46'
System info: host: 'ICPL12616', ip: '192.168.0.9', os.name: 'Windows 10', os.arch: 'amd64', os.version: '10.0', java.version: '1.8.0_192'
Driver info: driver.version: unknown
	at .Then login with '${env.username}' and '${env.password}'(scenarios/suite1.bdd:19)
	at com.qmetry.qaf.automation.ui.util.DynamicWait.until(DynamicWait.java:170)
	at com.qmetry.qaf.automation.ui.webdriver.QAFExtendedWebElement.waitForPresent(QAFExtendedWebElement.java:537)
	at qaf.practice.steps.LoginPageSteps.loginWithAnd(LoginPageSteps.java:18)
	at com.qmetry.qaf.automation.step.JavaStep.doExecute(JavaStep.java:153)
	at com.qmetry.qaf.automation.step.BaseTestStep.execute(BaseTestStep.java:149)
	at com.qmetry.qaf.automation.step.StringTestStep.execute(StringTestStep.java:134)
	at com.qmetry.qaf.automation.step.client.Scenario.execute(Scenario.java:173)
	at com.qmetry.qaf.automation.step.client.Scenario.scenario(Scenario.java:225)
]]>
    </failure>
  </testcase> <!-- Login to Dashboard with username and password -->
  <testcase name="Login with invalid username or/and password" time="15.029" classname="com.qmetry.qaf.automation.step.client.DataDrivenScenario"/>
  <testcase name="Login with invalid username or/and password" time="4.456" classname="com.qmetry.qaf.automation.step.client.DataDrivenScenario"/>
  <testcase name="Login with invalid username or/and password" time="3.695" classname="com.qmetry.qaf.automation.step.client.DataDrivenScenario"/>
  <testcase name="Click contact and verify information" time="5.635" classname="com.qmetry.qaf.automation.step.client.Scenario"/>
  <testcase name="Click signon and create user" time="27.48" classname="com.qmetry.qaf.automation.step.client.DataDrivenScenario">
    <failure type="java.lang.AssertionError">
      <![CDATA[java.lang.AssertionError
	at .Then fill details in form '${args[0]}'(scenarios/suite1.bdd:59)
	at com.qmetry.qaf.automation.ui.webdriver.QAFExtendedWebElement.assertText(QAFExtendedWebElement.java:1055)
	at qaf.practice.steps.RegisterUserStep.filldeatilsinform(RegisterUserStep.java:58)
	at com.qmetry.qaf.automation.step.JavaStep.doExecute(JavaStep.java:153)
	at com.qmetry.qaf.automation.step.BaseTestStep.execute(BaseTestStep.java:149)
	at com.qmetry.qaf.automation.step.StringTestStep.execute(StringTestStep.java:134)
	at com.qmetry.qaf.automation.step.client.Scenario.execute(Scenario.java:173)
	at com.qmetry.qaf.automation.step.client.DataDrivenScenario.scenario(DataDrivenScenario.java:95)
]]>
    </failure>
  </testcase> <!-- Click signon and create user -->
  <testcase name="Login with invalid username or/and password" time="0.0" classname="com.qmetry.qaf.automation.step.client.DataDrivenScenario">
    <ignored/>
  </testcase> <!-- Login with invalid username or/and password -->
  <testcase name="Click signon and create user" time="0.0" classname="com.qmetry.qaf.automation.step.client.DataDrivenScenario">
    <ignored/>
  </testcase> <!-- Click signon and create user -->
  <testcase name="@BeforeTest setupTest" time="0.0" classname="com.qmetry.qaf.automation.testng.TestNGTestCase">
    <ignored/>
  </testcase> <!-- @BeforeTest setupTest -->
  <testcase name="@BeforeSuite setupSuit" time="0.0" classname="com.qmetry.qaf.automation.testng.TestNGTestCase">
    <ignored/>
  </testcase> <!-- @BeforeSuite setupSuit -->
  <testcase name="@AfterSuite afterSuit" time="0.0" classname="com.qmetry.qaf.automation.testng.TestNGTestCase">
    <ignored/>
  </testcase> <!-- @AfterSuite afterSuit -->
  <testcase name="@AfterTest afterTest" time="0.0" classname="com.qmetry.qaf.automation.ui.AbstractTestCase">
    <ignored/>
  </testcase> <!-- @AfterTest afterTest -->
</testsuite> <!-- Test Story - Test 1 -->
